<?xml version="1.0" encoding="UTF-8"?>
<!-- Generated by org.testng.reporters.JUnitXMLReporter -->
<testsuite ignored="0" hostname="BOOK-SJUNL9UC11" failures="0" tests="3" name="Default test" time="11.479" errors="0" timestamp="2026-03-17T10:45:20 IST">
  <testcase classname="com.mini.tests.LoginTest" name="verifyLogin" time="0.582"/>
  <testcase classname="com.mini.tests.LoginTest" name="verifyLogin" time="0.481"/>
  <testcase classname="com.mini.tests.LoginTest" name="verifyLogin" time="0.593"/>
</testsuite> <!-- Default test -->
