<?xml version="1.0" encoding="UTF-8"?>
<testng-results ignored="0" total="3" passed="3" failed="0" skipped="0">
  <reporter-output>
  </reporter-output>
  <suite started-at="2026-03-17T10:45:08 IST" name="Default suite" finished-at="2026-03-17T10:45:20 IST" duration-ms="11479">
    <groups>
    </groups>
    <test started-at="2026-03-17T10:45:08 IST" name="Default test" finished-at="2026-03-17T10:45:20 IST" duration-ms="11479">
      <class name="com.mini.tests.LoginTest">
        <test-method is-config="true" signature="loadConfig()[pri:0, instance:com.mini.tests.LoginTest@15888343]" started-at="2026-03-17T10:45:08 IST" name="loadConfig" finished-at="2026-03-17T10:45:08 IST" duration-ms="43" status="PASS">
          <reporter-output>
          </reporter-output>
        </test-method> <!-- loadConfig -->
        <test-method is-config="true" signature="setup()[pri:0, instance:com.mini.tests.LoginTest@15888343]" started-at="2026-03-17T10:45:08 IST" name="setup" finished-at="2026-03-17T10:45:11 IST" duration-ms="2929" status="PASS">
          <reporter-output>
          </reporter-output>
        </test-method> <!-- setup -->
        <test-method signature="verifyLogin(java.lang.String,java.lang.String,boolean)[pri:0, instance:com.mini.tests.LoginTest@15888343]" started-at="2026-03-17T10:45:11 IST" name="verifyLogin" data-provider="logindata" finished-at="2026-03-17T10:45:12 IST" duration-ms="582" status="PASS">
          <params>
            <param index="0">
              <value>
                <![CDATA[standard_user]]>
              </value>
            </param>
            <param index="1">
              <value>
                <![CDATA[secret_sauce]]>
              </value>
            </param>
            <param index="2">
              <value>
                <![CDATA[true]]>
              </value>
            </param>
          </params>
          <reporter-output>
          </reporter-output>
        </test-method> <!-- verifyLogin -->
        <test-method is-config="true" signature="tearDown()[pri:0, instance:com.mini.tests.LoginTest@15888343]" started-at="2026-03-17T10:45:12 IST" name="tearDown" finished-at="2026-03-17T10:45:12 IST" duration-ms="511" status="PASS">
          <reporter-output>
          </reporter-output>
        </test-method> <!-- tearDown -->
        <test-method is-config="true" signature="setup()[pri:0, instance:com.mini.tests.LoginTest@15888343]" started-at="2026-03-17T10:45:12 IST" name="setup" finished-at="2026-03-17T10:45:14 IST" duration-ms="2131" status="PASS">
          <reporter-output>
          </reporter-output>
        </test-method> <!-- setup -->
        <test-method signature="verifyLogin(java.lang.String,java.lang.String,boolean)[pri:0, instance:com.mini.tests.LoginTest@15888343]" started-at="2026-03-17T10:45:14 IST" name="verifyLogin" data-provider="logindata" finished-at="2026-03-17T10:45:15 IST" duration-ms="481" status="PASS">
          <params>
            <param index="0">
              <value>
                <![CDATA[locked_out_user]]>
              </value>
            </param>
            <param index="1">
              <value>
                <![CDATA[secret_sauce]]>
              </value>
            </param>
            <param index="2">
              <value>
                <![CDATA[false]]>
              </value>
            </param>
          </params>
          <reporter-output>
          </reporter-output>
        </test-method> <!-- verifyLogin -->
        <test-method is-config="true" signature="tearDown()[pri:0, instance:com.mini.tests.LoginTest@15888343]" started-at="2026-03-17T10:45:15 IST" name="tearDown" finished-at="2026-03-17T10:45:15 IST" duration-ms="306" status="PASS">
          <reporter-output>
          </reporter-output>
        </test-method> <!-- tearDown -->
        <test-method is-config="true" signature="setup()[pri:0, instance:com.mini.tests.LoginTest@15888343]" started-at="2026-03-17T10:45:15 IST" name="setup" finished-at="2026-03-17T10:45:19 IST" duration-ms="3540" status="PASS">
          <reporter-output>
          </reporter-output>
        </test-method> <!-- setup -->
        <test-method signature="verifyLogin(java.lang.String,java.lang.String,boolean)[pri:0, instance:com.mini.tests.LoginTest@15888343]" started-at="2026-03-17T10:45:19 IST" name="verifyLogin" data-provider="logindata" finished-at="2026-03-17T10:45:19 IST" duration-ms="593" status="PASS">
          <params>
            <param index="0">
              <value>
                <![CDATA[standard_user]]>
              </value>
            </param>
            <param index="1">
              <value>
                <![CDATA[secret_sauc]]>
              </value>
            </param>
            <param index="2">
              <value>
                <![CDATA[false]]>
              </value>
            </param>
          </params>
          <reporter-output>
          </reporter-output>
        </test-method> <!-- verifyLogin -->
        <test-method is-config="true" signature="tearDown()[pri:0, instance:com.mini.tests.LoginTest@15888343]" started-at="2026-03-17T10:45:19 IST" name="tearDown" finished-at="2026-03-17T10:45:20 IST" duration-ms="292" status="PASS">
          <reporter-output>
          </reporter-output>
        </test-method> <!-- tearDown -->
      </class> <!-- com.mini.tests.LoginTest -->
    </test> <!-- Default test -->
  </suite> <!-- Default suite -->
</testng-results>
