<?xml version="1.0" encoding="UTF-8"?>
<!-- Generated by org.testng.reporters.JUnitReportReporter -->
<testsuite hostname="BOOK-SJUNL9UC11" failures="0" tests="3" name="com.mini.tests.LoginTest" time="11.365" errors="0" timestamp="2026-03-17T10:45:20 IST" skipped="0">
  <testcase classname="com.mini.tests.LoginTest" name="verifyLogin" time="3.030"/>
  <testcase classname="com.mini.tests.LoginTest" name="verifyLogin" time="4.532"/>
  <testcase classname="com.mini.tests.LoginTest" name="verifyLogin" time="3.803"/>
</testsuite> <!-- com.mini.tests.LoginTest -->
